Replace Part HEADER Header 9H in C:\Users\User\Desktop\SensorLDR\SensorLDR.SchDoc with Header 9H from Miscellaneous Connectors.IntLib
Replace Part LDR1 LDR in C:\Users\User\Desktop\SensorLDR\SensorLDR.SchDoc with LDR from LIBRARY.IntLib
Replace Part LDR2 LDR in C:\Users\User\Desktop\SensorLDR\SensorLDR.SchDoc with LDR from LIBRARY.IntLib
Replace Part LDR3 LDR in C:\Users\User\Desktop\SensorLDR\SensorLDR.SchDoc with LDR from LIBRARY.IntLib
Replace Part LDR4 LDR in C:\Users\User\Desktop\SensorLDR\SensorLDR.SchDoc with LDR from LIBRARY.IntLib
Replace Part LDR5 LDR in C:\Users\User\Desktop\SensorLDR\SensorLDR.SchDoc with LDR from LIBRARY.IntLib
Replace Part LDR6 LDR in C:\Users\User\Desktop\SensorLDR\SensorLDR.SchDoc with LDR from LIBRARY.IntLib
Replace Part LDR7 LDR in C:\Users\User\Desktop\SensorLDR\SensorLDR.SchDoc with LDR from LIBRARY.IntLib
Replace Part LED? LED in C:\Users\User\Desktop\SensorLDR\SensorLDR.SchDoc with LED from LIBRARY.IntLib
Replace Part R1 Res in C:\Users\User\Desktop\SensorLDR\SensorLDR.SchDoc with Res from LIBRARY.IntLib
Replace Part R2 Res in C:\Users\User\Desktop\SensorLDR\SensorLDR.SchDoc with Res from LIBRARY.IntLib
Replace Part R3 Res in C:\Users\User\Desktop\SensorLDR\SensorLDR.SchDoc with Res from LIBRARY.IntLib
Replace Part R4 Res in C:\Users\User\Desktop\SensorLDR\SensorLDR.SchDoc with Res from LIBRARY.IntLib
Replace Part R5 Res in C:\Users\User\Desktop\SensorLDR\SensorLDR.SchDoc with Res from LIBRARY.IntLib
Replace Part R6 Res in C:\Users\User\Desktop\SensorLDR\SensorLDR.SchDoc with Res from LIBRARY.IntLib
Replace Part R7 Res in C:\Users\User\Desktop\SensorLDR\SensorLDR.SchDoc with Res from LIBRARY.IntLib
Replace Part R_Led Res in C:\Users\User\Desktop\SensorLDR\SensorLDR.SchDoc with Res from LIBRARY.IntLib
Replace Part VR1 VR-S in C:\Users\User\Desktop\SensorLDR\SensorLDR.SchDoc with VR-S from LIBRARY.IntLib
Replace Part VR2 VR-S in C:\Users\User\Desktop\SensorLDR\SensorLDR.SchDoc with VR-S from LIBRARY.IntLib
Replace Part VR3 VR-S in C:\Users\User\Desktop\SensorLDR\SensorLDR.SchDoc with VR-S from LIBRARY.IntLib
Replace Part VR4 VR-S in C:\Users\User\Desktop\SensorLDR\SensorLDR.SchDoc with VR-S from LIBRARY.IntLib
Replace Part VR5 VR-S in C:\Users\User\Desktop\SensorLDR\SensorLDR.SchDoc with VR-S from LIBRARY.IntLib
Replace Part VR6 VR-S in C:\Users\User\Desktop\SensorLDR\SensorLDR.SchDoc with VR-S from LIBRARY.IntLib
Replace Part VR7 VR-S in C:\Users\User\Desktop\SensorLDR\SensorLDR.SchDoc with VR-S from LIBRARY.IntLib
