Added Component: Designator=LDR0(CDS)
Add component. Clean all parameters for all variants
Added Component: Designator=LDR1(CDS)
Add component. Clean all parameters for all variants
Added Component: Designator=LDR1(CDS)
Add component. Clean all parameters for all variants
Added Component: Designator=LDR2(CDS)
Add component. Clean all parameters for all variants
Added Component: Designator=LDR2(CDS)
Add component. Clean all parameters for all variants
Added Component: Designator=LDR3(CDS)
Add component. Clean all parameters for all variants
Added Component: Designator=LDR3(CDS)
Add component. Clean all parameters for all variants
Added Component: Designator=LDR4(CDS)
Add component. Clean all parameters for all variants
Added Component: Designator=LDR4(CDS)
Add component. Clean all parameters for all variants
Added Component: Designator=LDR5(CDS)
Add component. Clean all parameters for all variants
Added Component: Designator=LDR5(CDS)
Add component. Clean all parameters for all variants
Added Component: Designator=LDR6(CDS)
Add component. Clean all parameters for all variants
Added Component: Designator=LDR6(CDS)
Add component. Clean all parameters for all variants
Added Component: Designator=LDR7(CDS)
Add component. Clean all parameters for all variants
Added Component: Designator=LDR7(CDS)
Add component. Clean all parameters for all variants
Added Component: Designator=LDR8(CDS)
Add component. Clean all parameters for all variants
Added Component: Designator=LED1(LED-3MM-YELLOW)
Add component. Clean all parameters for all variants
Add component (AddParameter): Name = "Value"; Value = "LED 3 ly Single Colour"; VariantName = "[No Variations]"
Added Component: Designator=LED1(LED-3MM-YELLOW)
Add component. Clean all parameters for all variants
Add component (AddParameter): Name = "Value"; Value = "LED 3 ly Single Colour"; VariantName = "[No Variations]"
Added Component: Designator=LED2(LED-3MM-YELLOW)
Add component. Clean all parameters for all variants
Add component (AddParameter): Name = "Value"; Value = "LED 3 ly Single Colour"; VariantName = "[No Variations]"
Added Component: Designator=LED2(LED-3MM-YELLOW)
Add component. Clean all parameters for all variants
Add component (AddParameter): Name = "Value"; Value = "LED 3 ly Single Colour"; VariantName = "[No Variations]"
Added Component: Designator=P?(HDR1X10H)
Add component. Clean all parameters for all variants
Add component (AddParameter): Name = "LatestRevisionDate"; Value = "17-Jul-2002"; VariantName = "[No Variations]"
Add component (AddParameter): Name = "LatestRevisionNote"; Value = "Re-released for DXP Platform."; VariantName = "[No Variations]"
Add component (AddParameter): Name = "Publisher"; Value = "Altium Limited"; VariantName = "[No Variations]"
Added Component: Designator=P?(HDR1X10H)
Add component. Clean all parameters for all variants
Add component (AddParameter): Name = "LatestRevisionDate"; Value = "17-Jul-2002"; VariantName = "[No Variations]"
Add component (AddParameter): Name = "LatestRevisionNote"; Value = "Re-released for DXP Platform."; VariantName = "[No Variations]"
Add component (AddParameter): Name = "Publisher"; Value = "Altium Limited"; VariantName = "[No Variations]"
Added Component: Designator=R1(RES-1/2W)
Add component. Clean all parameters for all variants
Add component (AddParameter): Name = "Class"; Value = "Passive"; VariantName = "[No Variations]"
Add component (AddParameter): Name = "Manufacturer"; Value = "Generic Components"; VariantName = "[No Variations]"
Add component (AddParameter): Name = "Published"; Value = "08/06/2000"; VariantName = "[No Variations]"
Add component (AddParameter): Name = "Publisher"; Value = "Altium Hobart Technology Centre"; VariantName = "[No Variations]"
Add component (AddParameter): Name = "SubClass"; Value = "R"; VariantName = "[No Variations]"
Added Component: Designator=R2(RES-1/2W)
Add component. Clean all parameters for all variants
Add component (AddParameter): Name = "Class"; Value = "Passive"; VariantName = "[No Variations]"
Add component (AddParameter): Name = "Manufacturer"; Value = "Generic Components"; VariantName = "[No Variations]"
Add component (AddParameter): Name = "Published"; Value = "08/06/2000"; VariantName = "[No Variations]"
Add component (AddParameter): Name = "Publisher"; Value = "Altium Hobart Technology Centre"; VariantName = "[No Variations]"
Add component (AddParameter): Name = "SubClass"; Value = "R"; VariantName = "[No Variations]"
Added Component: Designator=R_Led0(RES-1/2W)
Add component. Clean all parameters for all variants
Add component (AddParameter): Name = "Class"; Value = "Passive"; VariantName = "[No Variations]"
Add component (AddParameter): Name = "Manufacturer"; Value = "Generic Components"; VariantName = "[No Variations]"
Add component (AddParameter): Name = "Published"; Value = "08/06/2000"; VariantName = "[No Variations]"
Add component (AddParameter): Name = "Publisher"; Value = "Altium Hobart Technology Centre"; VariantName = "[No Variations]"
Add component (AddParameter): Name = "SubClass"; Value = "R"; VariantName = "[No Variations]"
Added Component: Designator=R_Led1(RES-1/2W)
Add component. Clean all parameters for all variants
Add component (AddParameter): Name = "Class"; Value = "Passive"; VariantName = "[No Variations]"
Add component (AddParameter): Name = "Manufacturer"; Value = "Generic Components"; VariantName = "[No Variations]"
Add component (AddParameter): Name = "Published"; Value = "08/06/2000"; VariantName = "[No Variations]"
Add component (AddParameter): Name = "Publisher"; Value = "Altium Hobart Technology Centre"; VariantName = "[No Variations]"
Add component (AddParameter): Name = "SubClass"; Value = "R"; VariantName = "[No Variations]"
Added Component: Designator=R_Led1(RES-1/2W)
Add component. Clean all parameters for all variants
Add component (AddParameter): Name = "Class"; Value = "Passive"; VariantName = "[No Variations]"
Add component (AddParameter): Name = "Manufacturer"; Value = "Generic Components"; VariantName = "[No Variations]"
Add component (AddParameter): Name = "Published"; Value = "08/06/2000"; VariantName = "[No Variations]"
Add component (AddParameter): Name = "Publisher"; Value = "Altium Hobart Technology Centre"; VariantName = "[No Variations]"
Add component (AddParameter): Name = "SubClass"; Value = "R"; VariantName = "[No Variations]"
Added Component: Designator=R_Led2(RES-1/2W)
Add component. Clean all parameters for all variants
Add component (AddParameter): Name = "Class"; Value = "Passive"; VariantName = "[No Variations]"
Add component (AddParameter): Name = "Manufacturer"; Value = "Generic Components"; VariantName = "[No Variations]"
Add component (AddParameter): Name = "Published"; Value = "08/06/2000"; VariantName = "[No Variations]"
Add component (AddParameter): Name = "Publisher"; Value = "Altium Hobart Technology Centre"; VariantName = "[No Variations]"
Add component (AddParameter): Name = "SubClass"; Value = "R"; VariantName = "[No Variations]"
Added Component: Designator=R_Led2(RES-1/2W)
Add component. Clean all parameters for all variants
Add component (AddParameter): Name = "Class"; Value = "Passive"; VariantName = "[No Variations]"
Add component (AddParameter): Name = "Manufacturer"; Value = "Generic Components"; VariantName = "[No Variations]"
Add component (AddParameter): Name = "Published"; Value = "08/06/2000"; VariantName = "[No Variations]"
Add component (AddParameter): Name = "Publisher"; Value = "Altium Hobart Technology Centre"; VariantName = "[No Variations]"
Add component (AddParameter): Name = "SubClass"; Value = "R"; VariantName = "[No Variations]"
Added Component: Designator=R_Led3(RES-1/2W)
Add component. Clean all parameters for all variants
Add component (AddParameter): Name = "Class"; Value = "Passive"; VariantName = "[No Variations]"
Add component (AddParameter): Name = "Manufacturer"; Value = "Generic Components"; VariantName = "[No Variations]"
Add component (AddParameter): Name = "Published"; Value = "08/06/2000"; VariantName = "[No Variations]"
Add component (AddParameter): Name = "Publisher"; Value = "Altium Hobart Technology Centre"; VariantName = "[No Variations]"
Add component (AddParameter): Name = "SubClass"; Value = "R"; VariantName = "[No Variations]"
Added Component: Designator=R_Led4(RES-1/2W)
Add component. Clean all parameters for all variants
Add component (AddParameter): Name = "Class"; Value = "Passive"; VariantName = "[No Variations]"
Add component (AddParameter): Name = "Manufacturer"; Value = "Generic Components"; VariantName = "[No Variations]"
Add component (AddParameter): Name = "Published"; Value = "08/06/2000"; VariantName = "[No Variations]"
Add component (AddParameter): Name = "Publisher"; Value = "Altium Hobart Technology Centre"; VariantName = "[No Variations]"
Add component (AddParameter): Name = "SubClass"; Value = "R"; VariantName = "[No Variations]"
Added Component: Designator=R_Led5(RES-1/2W)
Add component. Clean all parameters for all variants
Add component (AddParameter): Name = "Class"; Value = "Passive"; VariantName = "[No Variations]"
Add component (AddParameter): Name = "Manufacturer"; Value = "Generic Components"; VariantName = "[No Variations]"
Add component (AddParameter): Name = "Published"; Value = "08/06/2000"; VariantName = "[No Variations]"
Add component (AddParameter): Name = "Publisher"; Value = "Altium Hobart Technology Centre"; VariantName = "[No Variations]"
Add component (AddParameter): Name = "SubClass"; Value = "R"; VariantName = "[No Variations]"
Added Component: Designator=R_Led6(RES-1/2W)
Add component. Clean all parameters for all variants
Add component (AddParameter): Name = "Class"; Value = "Passive"; VariantName = "[No Variations]"
Add component (AddParameter): Name = "Manufacturer"; Value = "Generic Components"; VariantName = "[No Variations]"
Add component (AddParameter): Name = "Published"; Value = "08/06/2000"; VariantName = "[No Variations]"
Add component (AddParameter): Name = "Publisher"; Value = "Altium Hobart Technology Centre"; VariantName = "[No Variations]"
Add component (AddParameter): Name = "SubClass"; Value = "R"; VariantName = "[No Variations]"
Added Component: Designator=R_Led8(RES-1/2W)
Add component. Clean all parameters for all variants
Add component (AddParameter): Name = "Class"; Value = "Passive"; VariantName = "[No Variations]"
Add component (AddParameter): Name = "Manufacturer"; Value = "Generic Components"; VariantName = "[No Variations]"
Add component (AddParameter): Name = "Published"; Value = "08/06/2000"; VariantName = "[No Variations]"
Add component (AddParameter): Name = "Publisher"; Value = "Altium Hobart Technology Centre"; VariantName = "[No Variations]"
Add component (AddParameter): Name = "SubClass"; Value = "R"; VariantName = "[No Variations]"
Added Component: Designator=VR1(VR-S2)
Add component. Clean all parameters for all variants
Add component (AddParameter): Name = "Value"; Value = "Volume 50k"; VariantName = "[No Variations]"
Added Component: Designator=VR2(VR-S2)
Add component. Clean all parameters for all variants
Add component (AddParameter): Name = "Value"; Value = "Volume 50k"; VariantName = "[No Variations]"
Added Component: Designator=VR3(VR-S2)
Add component. Clean all parameters for all variants
Add component (AddParameter): Name = "Value"; Value = "Volume 50k"; VariantName = "[No Variations]"
Added Component: Designator=VR4(VR-S2)
Add component. Clean all parameters for all variants
Add component (AddParameter): Name = "Value"; Value = "Volume 50k"; VariantName = "[No Variations]"
Added Component: Designator=VR5(VR-S2)
Add component. Clean all parameters for all variants
Add component (AddParameter): Name = "Value"; Value = "Volume 50k"; VariantName = "[No Variations]"
Added Component: Designator=VR6(VR-S2)
Add component. Clean all parameters for all variants
Add component (AddParameter): Name = "Value"; Value = "Volume 50k"; VariantName = "[No Variations]"
Added Component: Designator=VR7(VR-S2)
Add component. Clean all parameters for all variants
Add component (AddParameter): Name = "Value"; Value = "Volume 50k"; VariantName = "[No Variations]"
Added Component: Designator=VR8(VR-S2)
Add component. Clean all parameters for all variants
Add component (AddParameter): Name = "Value"; Value = "Volume 50k"; VariantName = "[No Variations]"
Added Pin To Net: NetName=GND Pin=LDR0-1
Added Pin To Net: NetName=GND Pin=LDR1-1
Added Pin To Net: NetName=GND Pin=LDR1-1
Added Pin To Net: NetName=GND Pin=LDR2-1
Added Pin To Net: NetName=GND Pin=LDR2-1
Added Pin To Net: NetName=GND Pin=LDR3-1
Added Pin To Net: NetName=GND Pin=LDR3-1
Added Pin To Net: NetName=GND Pin=LDR4-1
Added Pin To Net: NetName=GND Pin=LDR4-1
Added Pin To Net: NetName=GND Pin=LDR5-1
Added Pin To Net: NetName=GND Pin=LDR5-1
Added Pin To Net: NetName=GND Pin=LDR6-1
Added Pin To Net: NetName=GND Pin=LDR6-1
Added Pin To Net: NetName=GND Pin=LDR7-1
Added Pin To Net: NetName=GND Pin=LDR7-1
Added Pin To Net: NetName=GND Pin=LDR8-1
Added Pin To Net: NetName=GND Pin=P?-2
Added Pin To Net: NetName=GND Pin=P?-2
Added Pin To Net: NetName=GND Pin=R1-2
Added Pin To Net: NetName=GND Pin=R2-2
Added Pin To Net: NetName=GND Pin=R_Led1-2
Added Pin To Net: NetName=GND Pin=R_Led2-2
Added Net: Name=GND
Added Pin To Net: NetName=NetLED1_2 Pin=LED1-2
Added Pin To Net: NetName=NetLED1_2 Pin=R_Led1-1
Added Net: Name=NetLED1_2
Added Pin To Net: NetName=NetLED2_2 Pin=LED2-2
Added Pin To Net: NetName=NetLED2_2 Pin=R_Led2-1
Added Net: Name=NetLED2_2
Added Pin To Net: NetName=S1 Pin=LDR0-2
Added Pin To Net: NetName=S1 Pin=LDR1-2
Added Pin To Net: NetName=S1 Pin=P?-3
Added Pin To Net: NetName=S1 Pin=P?-3
Added Pin To Net: NetName=S1 Pin=R_Led0-2
Added Pin To Net: NetName=S1 Pin=VR1-2
Added Net: Name=S1
Added Pin To Net: NetName=S2 Pin=LDR1-2
Added Pin To Net: NetName=S2 Pin=LDR2-2
Added Pin To Net: NetName=S2 Pin=P?-4
Added Pin To Net: NetName=S2 Pin=P?-4
Added Pin To Net: NetName=S2 Pin=R_Led1-2
Added Pin To Net: NetName=S2 Pin=VR2-2
Added Net: Name=S2
Added Pin To Net: NetName=S3 Pin=LDR2-2
Added Pin To Net: NetName=S3 Pin=LDR3-2
Added Pin To Net: NetName=S3 Pin=P?-5
Added Pin To Net: NetName=S3 Pin=P?-5
Added Pin To Net: NetName=S3 Pin=R_Led2-2
Added Pin To Net: NetName=S3 Pin=VR3-2
Added Net: Name=S3
Added Pin To Net: NetName=S4 Pin=LDR3-2
Added Pin To Net: NetName=S4 Pin=LDR4-2
Added Pin To Net: NetName=S4 Pin=P?-6
Added Pin To Net: NetName=S4 Pin=P?-6
Added Pin To Net: NetName=S4 Pin=R_Led3-2
Added Pin To Net: NetName=S4 Pin=VR4-2
Added Net: Name=S4
Added Pin To Net: NetName=S5 Pin=LDR4-2
Added Pin To Net: NetName=S5 Pin=LDR5-2
Added Pin To Net: NetName=S5 Pin=P?-7
Added Pin To Net: NetName=S5 Pin=P?-7
Added Pin To Net: NetName=S5 Pin=R_Led4-2
Added Pin To Net: NetName=S5 Pin=VR5-2
Added Net: Name=S5
Added Pin To Net: NetName=S6 Pin=LDR5-2
Added Pin To Net: NetName=S6 Pin=LDR6-2
Added Pin To Net: NetName=S6 Pin=P?-8
Added Pin To Net: NetName=S6 Pin=P?-8
Added Pin To Net: NetName=S6 Pin=R_Led5-2
Added Pin To Net: NetName=S6 Pin=VR6-2
Added Net: Name=S6
Added Pin To Net: NetName=S7 Pin=LDR6-2
Added Pin To Net: NetName=S7 Pin=LDR7-2
Added Pin To Net: NetName=S7 Pin=P?-9
Added Pin To Net: NetName=S7 Pin=P?-9
Added Pin To Net: NetName=S7 Pin=R_Led6-2
Added Pin To Net: NetName=S7 Pin=VR7-2
Added Net: Name=S7
Added Pin To Net: NetName=S8 Pin=LDR7-2
Added Pin To Net: NetName=S8 Pin=LDR8-2
Added Pin To Net: NetName=S8 Pin=P?-10
Added Pin To Net: NetName=S8 Pin=P?-10
Added Pin To Net: NetName=S8 Pin=R_Led8-2
Added Pin To Net: NetName=S8 Pin=VR8-2
Added Net: Name=S8
Added Pin To Net: NetName=VCC Pin=LED1-1
Added Pin To Net: NetName=VCC Pin=LED1-1
Added Pin To Net: NetName=VCC Pin=LED2-1
Added Pin To Net: NetName=VCC Pin=LED2-1
Added Pin To Net: NetName=VCC Pin=P?-1
Added Pin To Net: NetName=VCC Pin=P?-1
Added Pin To Net: NetName=VCC Pin=R_Led0-1
Added Pin To Net: NetName=VCC Pin=R_Led1-1
Added Pin To Net: NetName=VCC Pin=R_Led2-1
Added Pin To Net: NetName=VCC Pin=R_Led3-1
Added Pin To Net: NetName=VCC Pin=R_Led4-1
Added Pin To Net: NetName=VCC Pin=R_Led5-1
Added Pin To Net: NetName=VCC Pin=R_Led6-1
Added Pin To Net: NetName=VCC Pin=R_Led8-1
Added Pin To Net: NetName=VCC Pin=VR1-1
Added Pin To Net: NetName=VCC Pin=VR2-1
Added Pin To Net: NetName=VCC Pin=VR3-1
Added Pin To Net: NetName=VCC Pin=VR4-1
Added Pin To Net: NetName=VCC Pin=VR5-1
Added Pin To Net: NetName=VCC Pin=VR6-1
Added Pin To Net: NetName=VCC Pin=VR7-1
Added Pin To Net: NetName=VCC Pin=VR8-1
Added Net: Name=VCC
Added Class: Name=SensorLDR
Added Class: Name=SensorRes
Added Room: Name=SensorLDR
Added Room: Name=SensorRes
